[2016-01-09 10:26:32] START
[2016-01-12 06:19:28] CREATE blackbox.py: 0
[2016-01-12 06:23:23] EDIT init/models/blackbox.py: 37
[2016-01-12 06:24:11] CREATE userlist.py: 0
[2016-01-12 06:25:09] EDIT init/models/userlist.py: 11
[2016-01-12 06:26:31] EDIT init/models/blackbox.py: 0
[2016-01-12 06:28:41] CREATE option.py: 0
[2016-01-12 06:29:36] EDIT init/controllers/option.py: 13
[2016-01-12 06:32:32] EDIT init/controllers/default.py: 17
[2016-01-12 06:34:30] DELETE init/controllers/option.py: -14
[2016-01-12 06:34:55] EDIT init/controllers/default.py: 13
[2016-01-12 06:36:18] CREATE account.py: 0
[2016-01-12 06:37:25] EDIT init/controllers/account.py: 96
[2016-01-12 06:38:44] CREATE account/log_in.html: 0
[2016-01-12 06:39:02] EDIT init/views/account/log_in.html: 5
[2016-01-12 06:44:14] CREATE account_new_account.html: 0
[2016-01-12 06:44:24] EDIT init/views/account_new_account.html: 0
[2016-01-12 06:48:14] EDIT init/controllers/account.py: 2
[2016-01-12 06:48:59] CREATE account/new_account.html: 0
[2016-01-12 06:49:07] DELETE init/views/account_new_account.html: -3
[2016-01-12 06:49:38] EDIT init/views/account/new_account.html: 0
[2016-01-12 06:51:01] EDIT init/controllers/account.py: 0
[2016-01-12 06:54:42] EDIT init/controllers/account.py: 3
[2016-01-12 06:56:32] EDIT init/models/db.py: 2
[2016-01-12 06:57:32] EDIT init/controllers/account.py: -1
[2016-01-12 06:59:01] EDIT init/controllers/account.py: 1
[2016-01-12 06:59:33] EDIT init/controllers/account.py: 0
[2016-01-12 07:07:34] EDIT init/controllers/account.py: 6
[2016-01-12 07:08:27] EDIT init/controllers/account.py: 0
[2016-01-12 07:13:56] EDIT init/controllers/account.py: 10
[2016-01-12 07:14:45] EDIT init/controllers/account.py: 0
[2016-01-12 07:16:02] EDIT init/controllers/account.py: 0
[2016-01-12 07:17:22] EDIT init/controllers/account.py: -1
[2016-01-12 07:18:01] CREATE account/logged.html: 0
[2016-01-12 07:18:13] EDIT init/views/account/logged.html: 1
