timestamp: 2009-06-23T17:01:05.923000
CREATE TABLE notebook(
	id INTEGER PRIMARY KEY AUTOINCREMENT,
	name CHAR(32),
	description TEXT,
	archived CHAR(1)
);
success!
timestamp: 2009-06-23T17:01:06.079000
CREATE TABLE entry(
	id INTEGER PRIMARY KEY AUTOINCREMENT,
	title CHAR(32),
	author CHAR(32),
	file CHAR(128),
	filename CHAR(32),
	keywords CHAR(256),
	notebook REFERENCES notebook(id) ON DELETE CASCADE,
	datetime TIMESTAMP,
	description TEXT
);
success!
timestamp: 2009-06-23T17:01:06.235000
CREATE TABLE comment(
	id INTEGER PRIMARY KEY AUTOINCREMENT,
	author CHAR(32),
	file CHAR(128),
	filename CHAR(32),
	body TEXT,
	datetime TIMESTAMP,
	entry_id REFERENCES entry(id) ON DELETE CASCADE
);
success!
timestamp: 2009-06-23T17:01:06.407000
CREATE TABLE result(
	id INTEGER PRIMARY KEY AUTOINCREMENT,
	author CHAR(32),
	testresult TEXT
);
success!
timestamp: 2009-06-23T17:01:06.563000
CREATE TABLE person(
	id INTEGER PRIMARY KEY AUTOINCREMENT,
	uuid CHAR(64),
	modified_on TIMESTAMP,
	name CHAR(32)
);
success!
timestamp: 2009-06-23T17:01:06.657000
CREATE TABLE message(
	id INTEGER PRIMARY KEY AUTOINCREMENT,
	your_name CHAR(32),
	your_email CHAR(32),
	your_message TEXT,
	timestamp CHAR(32)
);
success!
timestamp: 2009-06-23T17:01:06.751000
CREATE TABLE recipient(
	id INTEGER PRIMARY KEY AUTOINCREMENT,
	name CHAR(32),
	email CHAR(32)
);
success!
timestamp: 2009-06-23T17:01:06.891000
CREATE TABLE user(
	id INTEGER PRIMARY KEY AUTOINCREMENT,
	username CHAR(32) UNIQUE,
	password CHAR(32),
	authorized CHAR(1)
);
success!
timestamp: 2009-07-12T13:43:23.347000
CREATE TABLE log(
	id INTEGER PRIMARY KEY AUTOINCREMENT,
	event CHAR(32),
	user CHAR(32),
	modified_on TIMESTAMP
);
success!
timestamp: 2009-11-29T08:56:44.390000
CREATE TABLE user_event(
	id INTEGER PRIMARY KEY AUTOINCREMENT,
	event TEXT,
	user CHAR(512),
	modified_on TIMESTAMP
);
success!
timestamp: 2009-11-29T08:56:44.609000
CREATE TABLE entry_hash(
	id INTEGER PRIMARY KEY AUTOINCREMENT,
	eid CHAR(512),
	edatetime CHAR(512),
	etitle TEXT,
	hashed TIMESTAMP,
	ehash TEXT
);
success!
timestamp: 2009-11-29T08:56:44.984000
CREATE TABLE comment_hash(
	id INTEGER PRIMARY KEY AUTOINCREMENT,
	cid CHAR(512),
	cdatetime CHAR(512),
	eid CHAR(512),
	hashed TIMESTAMP,
	chash TEXT
);
success!
timestamp: 2010-01-15T10:30:12.752000
ALTER TABLE user ADD aging INTEGER;
